<?xml version="1.0" encoding="UTF-8"?>
<testng-results skipped="0" failed="0" total="1" passed="1">
  <reporter-output>
  </reporter-output>
  <suite name="Command line suite" duration-ms="7567" started-at="2017-12-27T08:18:16Z" finished-at="2017-12-27T08:18:23Z">
    <groups>
    </groups>
    <test name="Command line test" duration-ms="7567" started-at="2017-12-27T08:18:16Z" finished-at="2017-12-27T08:18:23Z">
      <class name="com.org.cab.Cab.CabMainTest">
        <test-method status="PASS" signature="chrome()[pri:0, instance:com.org.cab.Cab.CabMainTest@6108b2d7]" name="chrome" is-config="true" duration-ms="3783" started-at="2017-12-27T13:48:16Z" finished-at="2017-12-27T13:48:19Z">
          <reporter-output>
          </reporter-output>
        </test-method> <!-- chrome -->
        <test-method status="PASS" signature="login()[pri:0, instance:com.org.cab.Cab.CabMainTest@6108b2d7]" name="login" duration-ms="3778" started-at="2017-12-27T13:48:19Z" finished-at="2017-12-27T13:48:23Z">
          <reporter-output>
          </reporter-output>
        </test-method> <!-- login -->
      </class> <!-- com.org.cab.Cab.CabMainTest -->
    </test> <!-- Command line test -->
  </suite> <!-- Command line suite -->
</testng-results>
